STAR version=2.7.9a
STAR compilation time,server,dir=2021-05-04T09:43:56-0400 vega:/home/dobin/data/STAR/STARcode/STAR.master/source
##### Command Line:
STAR --runMode genomeGenerate --runThreadN 2 --genomeDir star_index --genomeFastaFiles test_genome.fa --sjdbGTFfile test_annotation.gtf --sjdbOverhang 100 --genomeSAindexNbases 11
##### Initial USER parameters from Command Line:
###### All USER parameters from Command Line:
runMode                       genomeGenerate        ~RE-DEFINED
runThreadN                    2     ~RE-DEFINED
genomeDir                     star_index     ~RE-DEFINED
genomeFastaFiles              test_genome.fa        ~RE-DEFINED
sjdbGTFfile                   test_annotation.gtf     ~RE-DEFINED
sjdbOverhang                  100     ~RE-DEFINED
genomeSAindexNbases           11     ~RE-DEFINED
##### Finished reading parameters from all sources

##### Final user re-defined parameters-----------------:
runMode                           genomeGenerate   
runThreadN                        2
genomeDir                         star_index
genomeFastaFiles                  test_genome.fa   
genomeSAindexNbases               11
sjdbGTFfile                       test_annotation.gtf
sjdbOverhang                      100

-------------------------------
##### Final effective command line:
STAR   --runMode genomeGenerate      --runThreadN 2   --genomeDir star_index   --genomeFastaFiles test_genome.fa      --genomeSAindexNbases 11   --sjdbGTFfile test_annotation.gtf   --sjdbOverhang 100
----------------------------------------

Number of fastq files for each mate = 1
ParametersSolo: --soloCellFilterType CellRanger2.2 filtering parameters:  3000 0.99 10
Finished loading and checking parameters
--genomeDir directory exists and will be overwritten: star_index/
Apr 07 20:49:30 ... starting to generate Genome files
test_genome.fa : chr # 0  "chr1" chrStart: 0
Chromosome sequence lengths: 
chr1	32
Genome sequence total length = 32
Genome size with padding = 262144
Apr 07 20:49:30 ..... processing annotations GTF
Processing pGe.sjdbGTFfile=test_annotation.gtf, found:
		1 transcripts
		1 exons (non-collapsed)
		0 collapsed junctions
Total junctions: 0
Apr 07 20:49:30 ..... finished GTF processing

!!!!! WARNING: --genomeSAindexNbases 11 is too large for the genome size=32, which may cause seg-fault at the mapping step. Re-run genome generation with recommended --genomeSAindexNbases 1
Estimated genome size with padding and SJs: total=genome+SJ=201262144 = 262144 + 201000000
GstrandBit=32
Number of SA indices: 64
Apr 07 20:49:30 ... starting to sort Suffix Array. This may take a long time...
Number of chunks: 1;   chunks size limit: 512 bytes
Apr 07 20:49:30 ... sorting Suffix Array chunks and saving them to disk...
Writing 512 bytes into star_index//SA_0 ; empty space on disk = 235612499968 bytes ... done
Apr 07 20:49:30 ... loading chunks from disk, packing SA...
Apr 07 20:49:30 ... finished generating suffix array
Apr 07 20:49:30 ... generating Suffix Array index
Apr 07 20:49:30 ... completed Suffix Array index
Apr 07 20:49:30   Finished preparing junctions
Apr 07 20:49:30 ..... finished inserting junctions into genome
Apr 07 20:49:30 ... writing Genome to disk ...
Writing 262144 bytes into star_index//Genome ; empty space on disk = 235612491776 bytes ... done
SA size in bytes: 267
Apr 07 20:49:30 ... writing Suffix Array to disk ...
Writing 267 bytes into star_index//SA ; empty space on disk = 235612229632 bytes ... done
Apr 07 20:49:30 ... writing SAindex to disk
Writing 8 bytes into star_index//SAindex ; empty space on disk = 235612225536 bytes ... done
Writing 96 bytes into star_index//SAindex ; empty space on disk = 235612225536 bytes ... done
Writing 24466771 bytes into star_index//SAindex ; empty space on disk = 235612225536 bytes ... done
Apr 07 20:49:30 ..... finished successfully
DONE: Genome generation, EXITING
